<?xml version="1.0" encoding="UTF-8"?>
<testsuite xmlns:xsi="http://www.w3.org/2001/XMLSchema-instance" xsi:noNamespaceSchemaLocation="https://maven.apache.org/surefire/maven-surefire-plugin/xsd/surefire-test-report.xsd" name="testrunners.MenuManagementTest" time="1.654" tests="1" errors="1" skipped="0" failures="0">
  <properties>
[...]
</properties>
  <testcase name="Add a menu item" classname="Menu Management" time="1.089">
    <error message="Step [I have a menu item with name &quot;([^&quot;]+)&quot; and price (\d+)] is defined with 2 parameters at &apos;stepdefinitions.MenuManagementSteps.i_have_a_menu_item_with_name_and_price(java.lang.String,java.lang.Integer)&apos;.&#10;However, the gherkin step has 0 arguments.&#10;Step text: I have a menu item with name &quot;Cucumber Sandwich&quot; and price 20" type="io.cucumber.core.exception.CucumberException">io.cucumber.core.exception.CucumberException: 
Step [I have a menu item with name "([^"]+)" and price (\d+)] is defined with 2 parameters at 'stepdefinitions.MenuManagementSteps.i_have_a_menu_item_with_name_and_price(java.lang.String,java.lang.Integer)'.
However, the gherkin step has 0 arguments.
Step text: I have a menu item with name "Cucumber Sandwich" and price 20
</error>
    <system-out><![CDATA[
Scenario: Add a menu item                                             &amp#27;[90m# src/test/java/linkedinlearning/cucumbercourse/features/MenuManagement.feature:23&amp#27;[0m
  &amp#27;[31mGiven &amp#27;[0m&amp#27;[31mI have a menu item with name "Cucumber Sandwich" and price 20&amp#27;[0m &amp#27;[90m# stepdefinitions.MenuManagementSteps.i_have_a_menu_item_with_name_and_price(java.lang.String,java.lang.Integer)&amp#27;[0m
      &amp#27;[31mio.cucumber.core.exception.CucumberException: Step [I have a menu item with name "([^"]+)" and price (\d+)] is defined with 2 parameters at 'stepdefinitions.MenuManagementSteps.i_have_a_menu_item_with_name_and_price(java.lang.String,java.lang.Integer)'.
However, the gherkin step has 0 arguments.
Step text: I have a menu item with name "Cucumber Sandwich" and price 20
	at io.cucumber.core.runner.PickleStepDefinitionMatch.arityMismatch(PickleStepDefinitionMatch.java:83)
	at io.cucumber.core.runner.PickleStepDefinitionMatch.runStep(PickleStepDefinitionMatch.java:42)
	at io.cucumber.core.runner.ExecutionMode$1.execute(ExecutionMode.java:10)
	at io.cucumber.core.runner.TestStep.executeStep(TestStep.java:92)
	at io.cucumber.core.runner.TestStep.run(TestStep.java:64)
	at io.cucumber.core.runner.PickleStepTestStep.run(PickleStepTestStep.java:51)
	at io.cucumber.core.runner.TestCase.run(TestCase.java:104)
	at io.cucumber.core.runner.Runner.runPickle(Runner.java:73)
	at io.cucumber.junit.PickleRunners$NoStepDescriptions.run(PickleRunners.java:151)
	at io.cucumber.junit.FeatureRunner.runChild(FeatureRunner.java:135)
	at io.cucumber.junit.FeatureRunner.runChild(FeatureRunner.java:27)
	at org.junit.runners.ParentRunner$4.run(ParentRunner.java:331)
	at org.junit.runners.ParentRunner$1.schedule(ParentRunner.java:79)
	at org.junit.runners.ParentRunner.runChildren(ParentRunner.java:329)
	at org.junit.runners.ParentRunner.access$100(ParentRunner.java:66)
	at org.junit.runners.ParentRunner$2.evaluate(ParentRunner.java:293)
	at org.junit.runners.ParentRunner$3.evaluate(ParentRunner.java:306)
	at org.junit.runners.ParentRunner.run(ParentRunner.java:413)
	at io.cucumber.junit.Cucumber.runChild(Cucumber.java:200)
	at io.cucumber.junit.Cucumber.runChild(Cucumber.java:90)
	at org.junit.runners.ParentRunner$4.run(ParentRunner.java:331)
	at org.junit.runners.ParentRunner$1.schedule(ParentRunner.java:79)
	at org.junit.runners.ParentRunner.runChildren(ParentRunner.java:329)
	at org.junit.runners.ParentRunner.access$100(ParentRunner.java:66)
	at org.junit.runners.ParentRunner$2.evaluate(ParentRunner.java:293)
	at io.cucumber.junit.Cucumber$RunCucumber.evaluate(Cucumber.java:235)
	at org.junit.runners.ParentRunner$3.evaluate(ParentRunner.java:306)
	at org.junit.runners.ParentRunner.run(ParentRunner.java:413)
	at org.apache.maven.surefire.junit4.JUnit4Provider.execute(JUnit4Provider.java:365)
	at org.apache.maven.surefire.junit4.JUnit4Provider.executeWithRerun(JUnit4Provider.java:273)
	at org.apache.maven.surefire.junit4.JUnit4Provider.executeTestSet(JUnit4Provider.java:238)
	at org.apache.maven.surefire.junit4.JUnit4Provider.invoke(JUnit4Provider.java:159)
	at org.apache.maven.surefire.booter.ForkedBooter.invokeProviderInSameClassLoader(ForkedBooter.java:384)
	at org.apache.maven.surefire.booter.ForkedBooter.runSuitesInProcess(ForkedBooter.java:345)
	at org.apache.maven.surefire.booter.ForkedBooter.execute(ForkedBooter.java:126)
	at org.apache.maven.surefire.booter.ForkedBooter.main(ForkedBooter.java:418)
&amp#27;[0m
  &amp#27;[36mWhen &amp#27;[0m&amp#27;[36mI add that menu item&amp#27;[0m                                           &amp#27;[90m# stepdefinitions.MenuManagementSteps.i_add_that_menu_item()&amp#27;[0m
  &amp#27;[36mThen &amp#27;[0m&amp#27;[36mMenu Item with name "Cucumber Sandwich" should be added&amp#27;[0m        &amp#27;[90m# null&amp#27;[0m
]]></system-out>
  </testcase>
</testsuite>